[debug] [2023-08-15T06:28:01.931Z] ----------------------------------------------------------------------
[debug] [2023-08-15T06:28:01.937Z] Command:       C:\Program Files\nodejs\node.exe C:\Users\bismillah\AppData\Roaming\npm\node_modules\firebase-tools\lib\bin\firebase.js init
[debug] [2023-08-15T06:28:01.938Z] CLI Version:   12.4.7
[debug] [2023-08-15T06:28:01.940Z] Platform:      win32
[debug] [2023-08-15T06:28:01.941Z] Node Version:  v18.17.0
[debug] [2023-08-15T06:28:01.943Z] Time:          Mon Aug 14 2023 23:28:01 GMT-0700 (Pacific Daylight Time)
[debug] [2023-08-15T06:28:01.944Z] ----------------------------------------------------------------------
[debug] 
[debug] [2023-08-15T06:28:01.970Z] > command requires scopes: ["email","openid","https://www.googleapis.com/auth/cloudplatformprojects.readonly","https://www.googleapis.com/auth/firebase","https://www.googleapis.com/auth/cloud-platform"]
[debug] [2023-08-15T06:28:01.973Z] > authorizing via signed-in user (kashanadnan321@gmail.com)
[info] 
     ######## #### ########  ######## ########     ###     ######  ########
     ##        ##  ##     ## ##       ##     ##  ##   ##  ##       ##
     ######    ##  ########  ######   ########  #########  ######  ######
     ##        ##  ##    ##  ##       ##     ## ##     ##       ## ##
     ##       #### ##     ## ######## ########  ##     ##  ######  ########

You're about to initialize a Firebase project in this directory:

  C:\Users\bismillah\Desktop\Sir Rizwan B9\NextShop

[info] 
=== Project Setup
[info] 
[info] First, let's associate this project directory with a Firebase project.
[info] You can create multiple project aliases by running firebase use --add, 
[info] but for now we'll just set up a default project.
[info] 
[debug] [2023-08-15T06:28:17.268Z] >>> [apiv2][query] GET https://firebase.googleapis.com/v1beta1/projects pageSize=100
[debug] [2023-08-15T06:28:18.260Z] <<< [apiv2][status] GET https://firebase.googleapis.com/v1beta1/projects 200
[debug] [2023-08-15T06:28:18.261Z] <<< [apiv2][body] GET https://firebase.googleapis.com/v1beta1/projects [omitted]
[info] i  Using project hackathon-164b0 (Hackathon) 
[info] 
=== Hosting Setup
[info] 
[info] Your public directory is the folder (relative to your project directory) that
[info] will contain Hosting assets to be uploaded with firebase deploy. If you
[info] have a build process for your assets, use your build's output directory.
[info] 
[debug] [2023-08-15T06:28:28.746Z] >>> [apiv2][query] GET https://www.gstatic.com/firebasejs/releases.json [none]
[debug] [2023-08-15T06:28:28.977Z] <<< [apiv2][status] GET https://www.gstatic.com/firebasejs/releases.json 200
[debug] [2023-08-15T06:28:28.978Z] <<< [apiv2][body] GET https://www.gstatic.com/firebasejs/releases.json {"current":{"version":"10.1.0","browserURL":"https://www.gstatic.com/firebasejs/10.1.0/firebase.js","packageURL":"https://www.gstatic.com/firebasejs/10.1.0/firebase.tgz"},"live":{"version":"10.1","browserURL":"https://www.gstatic.com/firebasejs/live/10.1/firebase.js","packageURL":"https://www.gstatic.com/firebasejs/live/10.1/firebase.tgz"},"components":{"analytics":"https://www.gstatic.com/firebasejs/10.1.0/firebase-analytics.js","app":"https://www.gstatic.com/firebasejs/10.1.0/firebase-app.js","app-check":"https://www.gstatic.com/firebasejs/10.1.0/firebase-app-check.js","auth":"https://www.gstatic.com/firebasejs/10.1.0/firebase-auth.js","auth/cordova":"https://www.gstatic.com/firebasejs/10.1.0/firebase-auth/cordova.js","functions":"https://www.gstatic.com/firebasejs/10.1.0/firebase-functions.js","firestore":"https://www.gstatic.com/firebasejs/10.1.0/firebase-firestore.js","firestore/lite":"https://www.gstatic.com/firebasejs/10.1.0/firebase-firestore/lite.js","installations":"https://www.gstatic.com/firebasejs/10.1.0/firebase-installations.js","storage":"https://www.gstatic.com/firebasejs/10.1.0/firebase-storage.js","performance":"https://www.gstatic.com/firebasejs/10.1.0/firebase-performance.js","remote-config":"https://www.gstatic.com/firebasejs/10.1.0/firebase-remote-config.js","messaging":"https://www.gstatic.com/firebasejs/10.1.0/firebase-messaging.js","messaging/sw":"https://www.gstatic.com/firebasejs/10.1.0/firebase-messaging/sw.js","database":"https://www.gstatic.com/firebasejs/10.1.0/firebase-database.js","firestore.memory":"https://www.gstatic.com/firebasejs/10.1.0/firebase-firestore.memory.js"}}
[info] +  Wrote public/index.html 
[info] 
[info] i  Detected a .git folder at C:\Users\bismillah\Desktop\Sir Rizwan B9\NextShop 
[info] i  Authorizing with GitHub to upload your service account to a GitHub repository's secrets store. 
[info] 
[info] Visit this URL on this device to log in:
[info] https://github.com/login/oauth/authorize?client_id=89cf50f02ac6aaed3484&state=252970136&redirect_uri=http%3A%2F%2Flocalhost%3A9005&scope=read%3Auser%20repo%20public_repo
[info] 
[info] Waiting for authentication...
[debug] [2023-08-15T06:29:52.291Z] >>> [apiv2][query] POST https://github.com/login/oauth/access_token [none]
[debug] [2023-08-15T06:29:52.294Z] >>> [apiv2][body] POST https://github.com/login/oauth/access_token [stream]
[debug] [2023-08-15T06:29:53.022Z] <<< [apiv2][status] POST https://github.com/login/oauth/access_token 200
[debug] [2023-08-15T06:29:53.022Z] <<< [apiv2][body] POST https://github.com/login/oauth/access_token {"access_token":"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","token_type":"bearer","scope":"read:user,repo"}
[debug] [2023-08-15T06:29:53.060Z] >>> [apiv2][query] GET https://api.github.com/user [none]
[debug] [2023-08-15T06:29:53.802Z] <<< [apiv2][status] GET https://api.github.com/user 200
[debug] [2023-08-15T06:29:53.802Z] <<< [apiv2][body] GET https://api.github.com/user {"login":"KashanAdnan","id":111265454,"node_id":"U_kgDOBqHGrg","avatar_url":"https://avatars.githubusercontent.com/u/111265454?v=4","gravatar_id":"","url":"https://api.github.com/users/KashanAdnan","html_url":"https://github.com/KashanAdnan","followers_url":"https://api.github.com/users/KashanAdnan/followers","following_url":"https://api.github.com/users/KashanAdnan/following{/other_user}","gists_url":"https://api.github.com/users/KashanAdnan/gists{/gist_id}","starred_url":"https://api.github.com/users/KashanAdnan/starred{/owner}{/repo}","subscriptions_url":"https://api.github.com/users/KashanAdnan/subscriptions","organizations_url":"https://api.github.com/users/KashanAdnan/orgs","repos_url":"https://api.github.com/users/KashanAdnan/repos","events_url":"https://api.github.com/users/KashanAdnan/events{/privacy}","received_events_url":"https://api.github.com/users/KashanAdnan/received_events","type":"User","site_admin":false,"name":"Kashan Adnan","company":null,"blog":"kashanadnan.netlify.app","location":"Orangi Town Karachi ","email":null,"hireable":true,"bio":"Hi, there \r\n\r\nI am Kashan Adnan. Full Stack Web Developer. Now Learning Ai & ChatBot by Sir Inzamam Malik in Saylani Mass IT Training. ","twitter_username":"KashanAdna8067","public_repos":89,"public_gists":0,"followers":17,"following":1,"created_at":"2022-08-15T05:05:50Z","updated_at":"2023-08-09T08:13:02Z","private_gists":0,"total_private_repos":1,"owned_private_repos":1,"disk_usage":614960,"collaborators":0,"two_factor_authentication":false,"plan":{"name":"free","space":976562499,"collaborators":0,"private_repos":10000}}
[info] 
[info] +  Success! Logged into GitHub as KashanAdnan 
[info] 
